<?xml version="1.0" encoding="UTF-8"?>
<!-- Generated by org.testng.reporters.JUnitReportReporter -->
<testsuite skipped="0" hostname="Admin-PC" name="hmsadminlogin.loginpagetest" tests="3" failures="0" timestamp="22 Mar 2021 10:46:42 GMT" time="39.556" errors="0">
  <testcase name="logintest" time="21.996" classname="hmsadminlogin.loginpagetest"/>
  <testcase name="verifytitle" time="10.538" classname="hmsadminlogin.loginpagetest"/>
  <testcase name="logo" time="7.022" classname="hmsadminlogin.loginpagetest"/>
</testsuite> <!-- hmsadminlogin.loginpagetest -->
