<?xml version="1.0" encoding="UTF-8"?>
<!-- Generated by org.testng.reporters.JUnitReportReporter -->
<testsuite skipped="0" hostname="Admin-PC" name="frontoffice.frontofficetest" tests="3" failures="0" timestamp="22 Mar 2021 10:46:42 GMT" time="84.475" errors="0">
  <testcase name="visbookclick" time="32.181" classname="frontoffice.frontofficetest"/>
  <testcase name="validatetitle" time="24.487" classname="frontoffice.frontofficetest"/>
  <testcase name="frntoffname" time="27.807" classname="frontoffice.frontofficetest"/>
</testsuite> <!-- frontoffice.frontofficetest -->
