<?xml version="1.0" encoding="UTF-8"?>
<!-- Generated by org.testng.reporters.JUnitReportReporter -->
<testsuite skipped="0" hostname="Admin-PC" name="visiterpage.visiterpagetest" tests="2" failures="0" timestamp="22 Mar 2021 10:46:42 GMT" time="78.372" errors="0">
  <testcase name="asvisclick" time="41.531" classname="visiterpage.visiterpagetest"/>
  <testcase name="asvisclick" time="36.841" classname="visiterpage.visiterpagetest"/>
</testsuite> <!-- visiterpage.visiterpagetest -->
