<?xml version="1.0" encoding="UTF-8"?>
<!-- Generated by org.testng.reporters.JUnitReportReporter -->
<testsuite skipped="0" hostname="Admin-PC" name="homepage.homepagetest" tests="2" failures="0" timestamp="22 Mar 2021 10:46:42 GMT" time="43.613" errors="0">
  <testcase name="homepagetitle" time="22.475" classname="homepage.homepagetest"/>
  <testcase name="validatetitle" time="21.138" classname="homepage.homepagetest"/>
</testsuite> <!-- homepage.homepagetest -->
